-encoding
UTF-8
-outxml
-source
1.7
-target
1.7
-classpath
C:\Users\wanghp1\.m2\repository\org\springframework\spring-core\4.0.9.RELEASE\spring-core-4.0.9.RELEASE.jar;C:\Users\wanghp1\.m2\repository\org\springframework\spring-beans\4.0.9.RELEASE\spring-beans-4.0.9.RELEASE.jar;C:\Users\wanghp1\.m2\repository\org\springframework\spring-context\4.0.9.RELEASE\spring-context-4.0.9.RELEASE.jar;C:\Users\wanghp1\.m2\repository\org\springframework\spring-context-support\4.0.9.RELEASE\spring-context-support-4.0.9.RELEASE.jar;C:\Users\wanghp1\.m2\repository\org\springframework\spring-aop\4.0.9.RELEASE\spring-aop-4.0.9.RELEASE.jar;C:\Users\wanghp1\.m2\repository\org\springframework\spring-tx\4.0.9.RELEASE\spring-tx-4.0.9.RELEASE.jar;C:\Users\wanghp1\.m2\repository\org\springframework\spring-test\4.0.9.RELEASE\spring-test-4.0.9.RELEASE.jar;C:\Users\wanghp1\.m2\repository\org\springframework\spring-aspects\4.0.9.RELEASE\spring-aspects-4.0.9.RELEASE.jar;C:\Users\wanghp1\.m2\repository\org\springframework\spring-orm\4.0.9.RELEASE\spring-orm-4.0.9.RELEASE.jar;C:\Users\wanghp1\.m2\repository\org\springframework\spring-jdbc\4.0.9.RELEASE\spring-jdbc-4.0.9.RELEASE.jar;C:\Users\wanghp1\.m2\repository\org\hibernate\hibernate-core\4.3.8.Final\hibernate-core-4.3.8.Final.jar;C:\Users\wanghp1\.m2\repository\org\hibernate\hibernate-entitymanager\4.3.8.Final\hibernate-entitymanager-4.3.8.Final.jar;C:\Users\wanghp1\.m2\repository\org\hibernate\hibernate-ehcache\4.3.8.Final\hibernate-ehcache-4.3.8.Final.jar;C:\Users\wanghp1\.m2\repository\org\hibernate\hibernate-validator\5.0.1.Final\hibernate-validator-5.0.1.Final.jar;C:\Users\wanghp1\.m2\repository\org\hibernate\hibernate-search\4.2.0.Final\hibernate-search-4.2.0.Final.jar;C:\Users\wanghp1\.m2\repository\mysql\mysql-connector-java\5.1.13\mysql-connector-java-5.1.13.jar;C:\Users\wanghp1\.m2\repository\com\h2database\h2\1.3.170\h2-1.3.170.jar;C:\Users\wanghp1\.m2\repository\commons-dbcp\commons-dbcp\1.4\commons-dbcp-1.4.jar;C:\Users\wanghp1\.m2\repository\org\springframework\spring-web\4.0.9.RELEASE\spring-web-4.0.9.RELEASE.jar;C:\Users\wanghp1\.m2\repository\org\springframework\spring-webmvc\4.0.9.RELEASE\spring-webmvc-4.0.9.RELEASE.jar;C:\Users\wanghp1\.m2\repository\org\springframework\spring-oxm\4.0.9.RELEASE\spring-oxm-4.0.9.RELEASE.jar;C:\Users\wanghp1\.m2\repository\opensymphony\sitemesh\2.4.2\sitemesh-2.4.2.jar;C:\Users\wanghp1\.m2\repository\taglibs\standard\1.1.2\standard-1.1.2.jar;C:\Users\wanghp1\.m2\repository\javax\servlet\jstl\1.2\jstl-1.2.jar;C:\Users\wanghp1\.m2\repository\javax\servlet\servlet-api\2.5\servlet-api-2.5.jar;C:\Users\wanghp1\.m2\repository\javax\servlet\jsp\jsp-api\2.1\jsp-api-2.1.jar;C:\Users\wanghp1\.m2\repository\org\slf4j\slf4j-api\1.7.5\slf4j-api-1.7.5.jar;C:\Users\wanghp1\.m2\repository\org\slf4j\slf4j-log4j12\1.7.5\slf4j-log4j12-1.7.5.jar;C:\Users\wanghp1\.m2\repository\org\slf4j\jcl-over-slf4j\1.7.5\jcl-over-slf4j-1.7.5.jar;C:\Users\wanghp1\.m2\repository\org\slf4j\jul-to-slf4j\1.7.5\jul-to-slf4j-1.7.5.jar;C:\Users\wanghp1\.m2\repository\log4j\log4j\1.2.17\log4j-1.2.17.jar;C:\Users\wanghp1\.m2\repository\org\lazyluke\log4jdbc-remix\0.2.7\log4jdbc-remix-0.2.7.jar;C:\Users\wanghp1\.m2\repository\org\apache\commons\commons-lang3\3.1\commons-lang3-3.1.jar;C:\Users\wanghp1\.m2\repository\commons-io\commons-io\2.4\commons-io-2.4.jar;C:\Users\wanghp1\.m2\repository\commons-codec\commons-codec\1.8\commons-codec-1.8.jar;C:\Users\wanghp1\.m2\repository\commons-fileupload\commons-fileupload\1.3\commons-fileupload-1.3.jar;C:\Users\wanghp1\.m2\repository\commons-beanutils\commons-beanutils\1.8.3\commons-beanutils-1.8.3.jar;C:\Users\wanghp1\.m2\repository\com\google\guava\guava\14.0.1\guava-14.0.1.jar;C:\Users\wanghp1\.m2\repository\com\fasterxml\jackson\core\jackson-core\2.2.1\jackson-core-2.2.1.jar;C:\Users\wanghp1\.m2\repository\com\fasterxml\jackson\core\jackson-databind\2.2.1\jackson-databind-2.2.1.jar;C:\Users\wanghp1\.m2\repository\com\fasterxml\jackson\core\jackson-annotations\2.2.1\jackson-annotations-2.2.1.jar;C:\Users\wanghp1\.m2\repository\com\fasterxml\jackson\module\jackson-module-jaxb-annotations\2.2.1\jackson-module-jaxb-annotations-2.2.1.jar;C:\Users\wanghp1\.m2\repository\com\alibaba\fastjson\1.1.39\fastjson-1.1.39.jar;C:\Users\wanghp1\.m2\repository\com\thoughtworks\xstream\xstream\1.4.3\xstream-1.4.3.jar;C:\Users\wanghp1\.m2\repository\net\sf\dozer\dozer\5.4.0\dozer-5.4.0.jar;C:\Users\wanghp1\.m2\repository\org\freemarker\freemarker\2.3.19\freemarker-2.3.19.jar;C:\Users\wanghp1\.m2\repository\javax\mail\mail\1.4.7\mail-1.4.7.jar;C:\Users\wanghp1\.m2\repository\javax\activation\activation\1.1.1\activation-1.1.1.jar;C:\Users\wanghp1\.m2\repository\org\apache\poi\poi\3.9\poi-3.9.jar;C:\Users\wanghp1\.m2\repository\org\apache\poi\poi-ooxml\3.9\poi-ooxml-3.9.jar;C:\Users\wanghp1\.m2\repository\org\apache\poi\poi-ooxml-schemas\3.9\poi-ooxml-schemas-3.9.jar;C:\Users\wanghp1\.m2\repository\com\drewnoakes\metadata-extractor\2.6.2\metadata-extractor-2.6.2.jar;C:\Users\wanghp1\.m2\repository\org\aspectj\aspectjrt\1.8.1\aspectjrt-1.8.1.jar;C:\Users\wanghp1\.m2\repository\org\aspectj\aspectjweaver\1.8.1\aspectjweaver-1.8.1.jar;C:\Users\wanghp1\.m2\repository\cglib\cglib\3.1\cglib-3.1.jar;C:\Users\wanghp1\.m2\repository\org\apache\httpcomponents\fluent-hc\4.5\fluent-hc-4.5.jar;C:\Users\wanghp1\.m2\repository\org\apache\httpcomponents\httpmime\4.5\httpmime-4.5.jar;C:\Users\wanghp1\.m2\repository\org\quartz-scheduler\quartz\2.2.1\quartz-2.2.1.jar;C:\Users\wanghp1\.m2\repository\com\notnoop\apns\apns\1.0.0.Beta6\apns-1.0.0.Beta6.jar;C:\Users\wanghp1\.m2\repository\org\springframework\data\spring-data-jpa\1.8.1.RELEASE\spring-data-jpa-1.8.1.RELEASE.jar;C:\Users\wanghp1\.m2\repository\com\opencsv\opencsv\3.5\opencsv-3.5.jar;C:\Users\wanghp1\.m2\repository\org\mybatis\mybatis-spring\1.2.2\mybatis-spring-1.2.2.jar;C:\Users\wanghp1\.m2\repository\org\mybatis\mybatis\3.3.0\mybatis-3.3.0.jar;C:\Users\wanghp1\.m2\repository\com\github\binarywang\weixin-java-mp\2.2.0\weixin-java-mp-2.2.0.jar;C:\Users\wanghp1\.m2\repository\org\fusesource\mqtt-client\mqtt-client\1.2\mqtt-client-1.2.jar;C:\Users\wanghp1\.m2\repository\org\apache\ant\ant-compress\1.4\ant-compress-1.4.jar;C:\Users\wanghp1\.m2\repository\org\springframework\spring-expression\4.0.9.RELEASE\spring-expression-4.0.9.RELEASE.jar;C:\Users\wanghp1\.m2\repository\aopalliance\aopalliance\1.0\aopalliance-1.0.jar;C:\Users\wanghp1\.m2\repository\org\jboss\logging\jboss-logging\3.1.3.GA\jboss-logging-3.1.3.GA.jar;C:\Users\wanghp1\.m2\repository\org\jboss\logging\jboss-logging-annotations\1.2.0.Beta1\jboss-logging-annotations-1.2.0.Beta1.jar;C:\Users\wanghp1\.m2\repository\org\jboss\spec\javax\transaction\jboss-transaction-api_1.2_spec\1.0.0.Final\jboss-transaction-api_1.2_spec-1.0.0.Final.jar;C:\Users\wanghp1\.m2\repository\dom4j\dom4j\1.6.1\dom4j-1.6.1.jar;C:\Users\wanghp1\.m2\repository\xml-apis\xml-apis\1.0.b2\xml-apis-1.0.b2.jar;C:\Users\wanghp1\.m2\repository\org\hibernate\common\hibernate-commons-annotations\4.0.5.Final\hibernate-commons-annotations-4.0.5.Final.jar;C:\Users\wanghp1\.m2\repository\org\hibernate\javax\persistence\hibernate-jpa-2.1-api\1.0.0.Final\hibernate-jpa-2.1-api-1.0.0.Final.jar;C:\Users\wanghp1\.m2\repository\org\javassist\javassist\3.18.1-GA\javassist-3.18.1-GA.jar;C:\Users\wanghp1\.m2\repository\antlr\antlr\2.7.7\antlr-2.7.7.jar;C:\Users\wanghp1\.m2\repository\org\jboss\jandex\1.1.0.Final\jandex-1.1.0.Final.jar;C:\Users\wanghp1\.m2\repository\net\sf\ehcache\ehcache-core\2.4.3\ehcache-core-2.4.3.jar;C:\Users\wanghp1\.m2\repository\javax\validation\validation-api\1.1.0.Final\validation-api-1.1.0.Final.jar;C:\Users\wanghp1\.m2\repository\com\fasterxml\classmate\0.8.0\classmate-0.8.0.jar;C:\Users\wanghp1\.m2\repository\org\hibernate\hibernate-search-orm\4.2.0.Final\hibernate-search-orm-4.2.0.Final.jar;C:\Users\wanghp1\.m2\repository\org\hibernate\hibernate-search-engine\4.2.0.Final\hibernate-search-engine-4.2.0.Final.jar;C:\Users\wanghp1\.m2\repository\org\apache\lucene\lucene-core\3.6.2\lucene-core-3.6.2.jar;C:\Users\wanghp1\.m2\repository\org\apache\avro\avro\1.6.3\avro-1.6.3.jar;C:\Users\wanghp1\.m2\repository\org\codehaus\jackson\jackson-core-asl\1.8.8\jackson-core-asl-1.8.8.jar;C:\Users\wanghp1\.m2\repository\org\codehaus\jackson\jackson-mapper-asl\1.8.8\jackson-mapper-asl-1.8.8.jar;C:\Users\wanghp1\.m2\repository\com\thoughtworks\paranamer\paranamer\2.3\paranamer-2.3.jar;C:\Users\wanghp1\.m2\repository\org\xerial\snappy\snappy-java\1.0.4.1\snappy-java-1.0.4.1.jar;C:\Users\wanghp1\.m2\repository\org\apache\lucene\lucene-facet\3.6.2\lucene-facet-3.6.2.jar;C:\Users\wanghp1\.m2\repository\org\hibernate\hibernate-search-analyzers\4.2.0.Final\hibernate-search-analyzers-4.2.0.Final.jar;C:\Users\wanghp1\.m2\repository\org\apache\lucene\lucene-analyzers\3.6.2\lucene-analyzers-3.6.2.jar;C:\Users\wanghp1\.m2\repository\org\apache\solr\solr-analysis-extras\3.6.2\solr-analysis-extras-3.6.2.jar;C:\Users\wanghp1\.m2\repository\org\apache\solr\solr-core\3.6.2\solr-core-3.6.2.jar;C:\Users\wanghp1\.m2\repository\org\apache\solr\solr-solrj\3.6.2\solr-solrj-3.6.2.jar;C:\Users\wanghp1\.m2\repository\org\apache\lucene\lucene-highlighter\3.6.2\lucene-highlighter-3.6.2.jar;C:\Users\wanghp1\.m2\repository\org\apache\lucene\lucene-kuromoji\3.6.2\lucene-kuromoji-3.6.2.jar;C:\Users\wanghp1\.m2\repository\org\apache\lucene\lucene-memory\3.6.2\lucene-memory-3.6.2.jar;C:\Users\wanghp1\.m2\repository\org\apache\lucene\lucene-misc\3.6.2\lucene-misc-3.6.2.jar;C:\Users\wanghp1\.m2\repository\org\apache\lucene\lucene-phonetic\3.6.2\lucene-phonetic-3.6.2.jar;C:\Users\wanghp1\.m2\repository\org\apache\lucene\lucene-spatial\3.6.2\lucene-spatial-3.6.2.jar;C:\Users\wanghp1\.m2\repository\org\apache\lucene\lucene-spellchecker\3.6.2\lucene-spellchecker-3.6.2.jar;C:\Users\wanghp1\.m2\repository\org\apache\lucene\lucene-grouping\3.6.2\lucene-grouping-3.6.2.jar;C:\Users\wanghp1\.m2\repository\commons-lang\commons-lang\2.6\commons-lang-2.6.jar;C:\Users\wanghp1\.m2\repository\org\apache\lucene\lucene-smartcn\3.6.2\lucene-smartcn-3.6.2.jar;C:\Users\wanghp1\.m2\repository\org\apache\lucene\lucene-stempel\3.6.2\lucene-stempel-3.6.2.jar;C:\Users\wanghp1\.m2\repository\commons-pool\commons-pool\1.5.4\commons-pool-1.5.4.jar;C:\Users\wanghp1\.m2\repository\xmlpull\xmlpull\1.1.3.1\xmlpull-1.1.3.1.jar;C:\Users\wanghp1\.m2\repository\xpp3\xpp3_min\1.1.4c\xpp3_min-1.1.4c.jar;C:\Users\wanghp1\.m2\repository\org\apache\xmlbeans\xmlbeans\2.3.0\xmlbeans-2.3.0.jar;C:\Users\wanghp1\.m2\repository\stax\stax-api\1.0.1\stax-api-1.0.1.jar;C:\Users\wanghp1\.m2\repository\com\adobe\xmp\xmpcore\5.1.2\xmpcore-5.1.2.jar;C:\Users\wanghp1\.m2\repository\xerces\xercesImpl\2.8.1\xercesImpl-2.8.1.jar;C:\Users\wanghp1\.m2\repository\org\apache\httpcomponents\httpclient\4.5\httpclient-4.5.jar;C:\Users\wanghp1\.m2\repository\org\apache\httpcomponents\httpcore\4.4.1\httpcore-4.4.1.jar;C:\Users\wanghp1\.m2\repository\commons-logging\commons-logging\1.2\commons-logging-1.2.jar;C:\Users\wanghp1\.m2\repository\c3p0\c3p0\0.9.1.1\c3p0-0.9.1.1.jar;C:\Users\wanghp1\.m2\repository\commons-httpclient\commons-httpclient\3.1\commons-httpclient-3.1.jar;C:\Users\wanghp1\.m2\repository\org\springframework\data\spring-data-commons\1.10.1.RELEASE\spring-data-commons-1.10.1.RELEASE.jar;C:\Users\wanghp1\.m2\repository\com\github\binarywang\weixin-java-common\2.2.0\weixin-java-common-2.2.0.jar;C:\Users\wanghp1\.m2\repository\org\jodd\jodd-http\3.6.7\jodd-http-3.6.7.jar;C:\Users\wanghp1\.m2\repository\org\jodd\jodd-upload\3.6.7\jodd-upload-3.6.7.jar;C:\Users\wanghp1\.m2\repository\org\jodd\jodd-core\3.6.7\jodd-core-3.6.7.jar;C:\Users\wanghp1\.m2\repository\com\google\code\gson\gson\2.7\gson-2.7.jar;C:\Users\wanghp1\.m2\repository\org\jooq\joor\0.9.6\joor-0.9.6.jar;C:\Users\wanghp1\.m2\repository\org\fusesource\hawtdispatch\hawtdispatch-transport\1.11\hawtdispatch-transport-1.11.jar;C:\Users\wanghp1\.m2\repository\org\fusesource\hawtdispatch\hawtdispatch\1.11\hawtdispatch-1.11.jar;C:\Users\wanghp1\.m2\repository\org\fusesource\hawtbuf\hawtbuf\1.9\hawtbuf-1.9.jar;C:\Users\wanghp1\.m2\repository\org\apache\ant\ant\1.9.7\ant-1.9.7.jar;C:\Users\wanghp1\.m2\repository\org\apache\ant\ant-launcher\1.9.7\ant-launcher-1.9.7.jar;C:\Users\wanghp1\.m2\repository\org\apache\commons\commons-compress\1.7\commons-compress-1.7.jar;C:\Users\wanghp1\.m2\repository\org\tukaani\xz\1.4\xz-1.4.jar;C:\work\private\shmashine\github\maixin_project\target\classes
-aspectpath
C:\Users\wanghp1\.m2\repository\org\springframework\spring-aspects\4.0.9.RELEASE\spring-aspects-4.0.9.RELEASE.jar
-d
C:\work\private\shmashine\github\maixin_project\target\classes
C:\work\private\shmashine\github\maixin_project\src\main\java\com\mx\commonStuct\property.java
C:\work\private\shmashine\github\maixin_project\src\main\java\com\mx\Cst.java
C:\work\private\shmashine\github\maixin_project\src\main\java\com\mx\DateUtil.java
C:\work\private\shmashine\github\maixin_project\src\main\java\com\mx\domain\BaseMessage.java
C:\work\private\shmashine\github\maixin_project\src\main\java\com\mx\domain\Devices.java
C:\work\private\shmashine\github\maixin_project\src\main\java\com\mx\domain\Garden.java
C:\work\private\shmashine\github\maixin_project\src\main\java\com\mx\domain\LatestMessage.java
C:\work\private\shmashine\github\maixin_project\src\main\java\com\mx\domain\Message.java
C:\work\private\shmashine\github\maixin_project\src\main\java\com\mx\domain\Rule.java
C:\work\private\shmashine\github\maixin_project\src\main\java\com\mx\domain\User.java
C:\work\private\shmashine\github\maixin_project\src\main\java\com\mx\domain\UserLog.java
C:\work\private\shmashine\github\maixin_project\src\main\java\com\mx\domain\UserUtils.java
C:\work\private\shmashine\github\maixin_project\src\main\java\com\mx\FileUtil.java
C:\work\private\shmashine\github\maixin_project\src\main\java\com\mx\HttpUtil.java
C:\work\private\shmashine\github\maixin_project\src\main\java\com\mx\interceptor\LoginInterceptor.java
C:\work\private\shmashine\github\maixin_project\src\main\java\com\mx\LogUtil.java
C:\work\private\shmashine\github\maixin_project\src\main\java\com\mx\repositories\DevicesRepository.java
C:\work\private\shmashine\github\maixin_project\src\main\java\com\mx\repositories\GardenRepository.java
C:\work\private\shmashine\github\maixin_project\src\main\java\com\mx\repositories\LatestMessageRepository.java
C:\work\private\shmashine\github\maixin_project\src\main\java\com\mx\repositories\MessageRepository.java
C:\work\private\shmashine\github\maixin_project\src\main\java\com\mx\repositories\RuleRepository.java
C:\work\private\shmashine\github\maixin_project\src\main\java\com\mx\repositories\UserLogRepository.java
C:\work\private\shmashine\github\maixin_project\src\main\java\com\mx\repositories\UserRepository.java
C:\work\private\shmashine\github\maixin_project\src\main\java\com\mx\schedule\CleanMsgJob.java
C:\work\private\shmashine\github\maixin_project\src\main\java\com\mx\schedule\EverySecondJob.java
C:\work\private\shmashine\github\maixin_project\src\main\java\com\mx\schedule\EverySecondJobCallback.java
C:\work\private\shmashine\github\maixin_project\src\main\java\com\mx\service\LoginService.java
C:\work\private\shmashine\github\maixin_project\src\main\java\com\mx\service\mqttService\EmqttProxy.java
C:\work\private\shmashine\github\maixin_project\src\main\java\com\mx\service\mqttService\MessageListener.java
C:\work\private\shmashine\github\maixin_project\src\main\java\com\mx\service\MQTTService.java
C:\work\private\shmashine\github\maixin_project\src\main\java\com\mx\service\MxService.java
C:\work\private\shmashine\github\maixin_project\src\main\java\com\mx\service\weiXinLoginService\AdvancedUtil.java
C:\work\private\shmashine\github\maixin_project\src\main\java\com\mx\service\weiXinLoginService\CommonUtil.java
C:\work\private\shmashine\github\maixin_project\src\main\java\com\mx\service\weiXinLoginService\MyX509TrustManager.java
C:\work\private\shmashine\github\maixin_project\src\main\java\com\mx\service\weiXinLoginService\OAuthServlet.java
C:\work\private\shmashine\github\maixin_project\src\main\java\com\mx\service\weiXinLoginService\SNSUserInfo.java
C:\work\private\shmashine\github\maixin_project\src\main\java\com\mx\service\weiXinLoginService\Token.java
C:\work\private\shmashine\github\maixin_project\src\main\java\com\mx\service\weiXinLoginService\WeixinOauth2Token.java
C:\work\private\shmashine\github\maixin_project\src\main\java\com\mx\service\weiXinLoginService\WeixinUserInfo.java
C:\work\private\shmashine\github\maixin_project\src\main\java\com\mx\service\WeiXinService.java
C:\work\private\shmashine\github\maixin_project\src\main\java\com\mx\StringUtil.java
C:\work\private\shmashine\github\maixin_project\src\main\java\com\mx\util\ImageIds.java
C:\work\private\shmashine\github\maixin_project\src\main\java\com\mx\util\SignUtil.java
C:\work\private\shmashine\github\maixin_project\src\main\java\com\mx\Util.java
C:\work\private\shmashine\github\maixin_project\src\main\java\com\mx\view\InfoController.java
C:\work\private\shmashine\github\maixin_project\src\main\java\com\mx\view\LoginController.java
C:\work\private\shmashine\github\maixin_project\src\main\java\com\mx\view\testController.java
C:\work\private\shmashine\github\maixin_project\src\main\java\com\mx\view\weixinDevicerController.java
C:\work\private\shmashine\github\maixin_project\src\main\java\com\mx\view\WeiXinLoginController.java
